2025-03-15 00:56:50,538 INFO o.a.j.u.JMeterUtils: Setting Locale to en_EN
2025-03-15 00:56:50,580 INFO o.a.j.JMeter: Loading user properties from: /opt/jmeter/bin/user.properties
2025-03-15 00:56:50,580 INFO o.a.j.JMeter: Loading system properties from: /opt/jmeter/bin/system.properties
2025-03-15 00:56:50,592 INFO o.a.j.JMeter: Copyright (c) 1998-2024 The Apache Software Foundation
2025-03-15 00:56:50,592 INFO o.a.j.JMeter: Version 5.6.3
2025-03-15 00:56:50,592 INFO o.a.j.JMeter: java.version=21.0.6
2025-03-15 00:56:50,592 INFO o.a.j.JMeter: java.vm.name=OpenJDK 64-Bit Server VM
2025-03-15 00:56:50,592 INFO o.a.j.JMeter: os.name=Linux
2025-03-15 00:56:50,592 INFO o.a.j.JMeter: os.arch=amd64
2025-03-15 00:56:50,592 INFO o.a.j.JMeter: os.version=6.8.0-1024-aws
2025-03-15 00:56:50,592 INFO o.a.j.JMeter: file.encoding=UTF-8
2025-03-15 00:56:50,592 INFO o.a.j.JMeter: java.awt.headless=true
2025-03-15 00:56:50,592 INFO o.a.j.JMeter: Max memory     =536870912
2025-03-15 00:56:50,592 INFO o.a.j.JMeter: Available Processors =1
2025-03-15 00:56:50,611 INFO o.a.j.JMeter: Default Locale=English (EN)
2025-03-15 00:56:50,614 INFO o.a.j.JMeter: JMeter  Locale=English (EN)
2025-03-15 00:56:50,614 INFO o.a.j.JMeter: JMeterHome=/opt/jmeter
2025-03-15 00:56:50,614 INFO o.a.j.JMeter: user.dir  =/root/github_rep/Nginx-JMeter-performance-testing
2025-03-15 00:56:50,614 INFO o.a.j.JMeter: PWD       =/root/github_rep/Nginx-JMeter-performance-testing
2025-03-15 00:56:50,619 INFO o.a.j.JMeter: IP: 172.31.15.56 Name: ip-172-31-15-56 FullName: ip-172-31-15-56.us-west-1.compute.internal
2025-03-15 00:56:50,619 INFO o.a.j.JMeter: user.classpath=../lib
2025-03-15 00:56:50,619 WARN o.a.j.JMeter: Can't read ../lib
2025-03-15 00:56:50,645 INFO o.a.j.s.FileServer: Default base='/root/github_rep/Nginx-JMeter-performance-testing'
2025-03-15 00:56:50,653 INFO o.a.j.s.FileServer: Set new base='/root/github_rep/Nginx-JMeter-performance-testing'
2025-03-15 00:56:51,120 INFO o.a.j.s.SaveService: Testplan (JMX) version: 2.2. Testlog (JTL) version: 2.2
2025-03-15 00:56:51,191 INFO o.a.j.s.SaveService: Using SaveService properties version 5.0
2025-03-15 00:56:51,201 INFO o.a.j.s.SaveService: Using SaveService properties file encoding UTF-8
2025-03-15 00:56:51,212 INFO o.a.j.s.SaveService: Loading file: test-user-stress.jmx
2025-03-15 00:56:51,328 INFO o.a.j.p.h.s.HTTPSamplerBase: Parser for text/html is org.apache.jmeter.protocol.http.parser.LagartoBasedHtmlParser
2025-03-15 00:56:51,329 INFO o.a.j.p.h.s.HTTPSamplerBase: Parser for application/xhtml+xml is org.apache.jmeter.protocol.http.parser.LagartoBasedHtmlParser
2025-03-15 00:56:51,331 INFO o.a.j.p.h.s.HTTPSamplerBase: Parser for application/xml is org.apache.jmeter.protocol.http.parser.LagartoBasedHtmlParser
2025-03-15 00:56:51,331 INFO o.a.j.p.h.s.HTTPSamplerBase: Parser for text/xml is org.apache.jmeter.protocol.http.parser.LagartoBasedHtmlParser
2025-03-15 00:56:51,331 INFO o.a.j.p.h.s.HTTPSamplerBase: Parser for text/vnd.wap.wml is org.apache.jmeter.protocol.http.parser.RegexpHTMLParser
2025-03-15 00:56:51,331 INFO o.a.j.p.h.s.HTTPSamplerBase: Parser for text/css is org.apache.jmeter.protocol.http.parser.CssParser
2025-03-15 00:56:51,345 INFO o.a.j.JMeter: Creating summariser <summary>
2025-03-15 00:56:51,376 INFO o.a.j.e.StandardJMeterEngine: Running the test!
2025-03-15 00:56:51,379 INFO o.a.j.s.SampleEvent: List of sample_variables: []
2025-03-15 00:56:51,379 INFO o.a.j.s.SampleEvent: List of sample_variables: []
2025-03-15 00:56:51,393 INFO o.a.j.e.u.CompoundVariable: Note: Function class names must contain the string: '.functions.'
2025-03-15 00:56:51,393 INFO o.a.j.e.u.CompoundVariable: Note: Function class names must not contain the string: '.gui.'
2025-03-15 00:56:51,528 INFO o.a.j.r.ClassFinder: Will scan jar /opt/jmeter/lib/ext/jmeter-plugins-manager-0.20.jar with filter ExtendsClassFilter [parents=[interface org.apache.jmeter.functions.Function], inner=false, contains=null, notContains=null]. Consider exposing JMeter plugins via META-INF/services, and add JMeter-Skip-Class-Scanning=true manifest attribute so JMeter can skip classfile scanning
2025-03-15 00:56:51,667 INFO o.a.j.r.ClassFinder: Will scan jar /opt/jmeter/lib/ext/jmeter-plugins-perfmon-2.1.jar with filter ExtendsClassFilter [parents=[interface org.apache.jmeter.functions.Function], inner=false, contains=null, notContains=null]. Consider exposing JMeter plugins via META-INF/services, and add JMeter-Skip-Class-Scanning=true manifest attribute so JMeter can skip classfile scanning
2025-03-15 00:56:51,710 INFO o.a.j.JMeter: Running test (1742000211710)
2025-03-15 00:56:51,748 INFO o.a.j.e.StandardJMeterEngine: Starting ThreadGroup: 1 : User Stress Test Group
2025-03-15 00:56:51,748 INFO o.a.j.e.StandardJMeterEngine: Starting 200 threads for group User Stress Test Group.
2025-03-15 00:56:51,748 INFO o.a.j.e.StandardJMeterEngine: Thread will continue on error
2025-03-15 00:56:51,748 INFO o.a.j.t.ThreadGroup: Starting thread group... number=1 threads=200 ramp-up=10 delayedStart=false
2025-03-15 00:56:51,764 INFO o.a.j.t.JMeterThread: Thread started: User Stress Test Group 1-1
2025-03-15 00:56:51,808 INFO o.a.j.t.JMeterThread: Thread started: User Stress Test Group 1-2
2025-03-15 00:56:51,831 INFO o.a.j.p.h.s.HTTPHCAbstractImpl: Local host = ip-172-31-15-56
2025-03-15 00:56:51,850 INFO o.a.j.p.h.s.HTTPHC4Impl: HTTP request retry count = 0
2025-03-15 00:56:51,856 INFO o.a.j.t.JMeterThread: Thread started: User Stress Test Group 1-3
2025-03-15 00:56:51,852 INFO o.a.j.s.SampleResult: Note: Sample TimeStamps are START times
2025-03-15 00:56:51,857 INFO o.a.j.s.SampleResult: sampleresult.default.encoding is set to UTF-8
2025-03-15 00:56:51,857 INFO o.a.j.s.SampleResult: sampleresult.useNanoTime=true
2025-03-15 00:56:51,857 INFO o.a.j.s.SampleResult: sampleresult.nanoThreadSleep=5000
2025-03-15 00:56:51,905 INFO o.a.j.t.JMeterThread: Thread started: User Stress Test Group 1-4
2025-03-15 00:56:51,964 INFO o.a.j.t.JMeterThread: Thread started: User Stress Test Group 1-5
2025-03-15 00:56:52,001 INFO o.a.j.t.JMeterThread: Thread started: User Stress Test Group 1-6
2025-03-15 00:56:52,052 INFO o.a.j.t.JMeterThread: Thread started: User Stress Test Group 1-7
2025-03-15 00:56:52,106 INFO o.a.j.t.JMeterThread: Thread started: User Stress Test Group 1-8
2025-03-15 00:56:52,151 INFO o.a.j.t.JMeterThread: Thread started: User Stress Test Group 1-9
2025-03-15 00:56:52,154 INFO o.a.j.t.ThreadGroup: Started thread group number 1
2025-03-15 00:56:52,154 INFO o.a.j.e.StandardJMeterEngine: All thread groups have been started
2025-03-15 00:56:52,203 INFO o.a.j.t.JMeterThread: Thread started: User Stress Test Group 1-10
2025-03-15 00:56:52,255 INFO o.a.j.t.JMeterThread: Thread started: User Stress Test Group 1-11
2025-03-15 00:56:52,304 INFO o.a.j.t.JMeterThread: Thread started: User Stress Test Group 1-12
2025-03-15 00:56:52,352 INFO o.a.j.t.JMeterThread: Thread started: User Stress Test Group 1-13
2025-03-15 00:56:52,403 INFO o.a.j.t.JMeterThread: Thread started: User Stress Test Group 1-14
2025-03-15 00:56:52,453 INFO o.a.j.t.JMeterThread: Thread started: User Stress Test Group 1-15
2025-03-15 00:56:52,503 INFO o.a.j.t.JMeterThread: Thread started: User Stress Test Group 1-16
2025-03-15 00:56:52,551 INFO o.a.j.t.JMeterThread: Thread started: User Stress Test Group 1-17
2025-03-15 00:56:52,605 INFO o.a.j.t.JMeterThread: Thread started: User Stress Test Group 1-18
2025-03-15 00:56:52,651 INFO o.a.j.t.JMeterThread: Thread started: User Stress Test Group 1-19
2025-03-15 00:56:52,706 INFO o.a.j.t.JMeterThread: Thread started: User Stress Test Group 1-20
2025-03-15 00:56:52,751 INFO o.a.j.t.JMeterThread: Thread started: User Stress Test Group 1-21
2025-03-15 00:56:52,801 INFO o.a.j.t.JMeterThread: Thread started: User Stress Test Group 1-22
2025-03-15 00:56:52,851 INFO o.a.j.t.JMeterThread: Thread started: User Stress Test Group 1-23
2025-03-15 00:56:52,910 INFO o.a.j.t.JMeterThread: Thread started: User Stress Test Group 1-24
2025-03-15 00:56:52,949 INFO o.a.j.t.JMeterThread: Thread started: User Stress Test Group 1-25
2025-03-15 00:56:53,001 INFO o.a.j.t.JMeterThread: Thread started: User Stress Test Group 1-26
2025-03-15 00:56:53,050 INFO o.a.j.t.JMeterThread: Thread started: User Stress Test Group 1-27
2025-03-15 00:56:53,101 INFO o.a.j.t.JMeterThread: Thread started: User Stress Test Group 1-28
2025-03-15 00:56:53,149 INFO o.a.j.t.JMeterThread: Thread started: User Stress Test Group 1-29
2025-03-15 00:56:53,200 INFO o.a.j.t.JMeterThread: Thread started: User Stress Test Group 1-30
2025-03-15 00:56:53,251 INFO o.a.j.t.JMeterThread: Thread started: User Stress Test Group 1-31
2025-03-15 00:56:53,300 INFO o.a.j.t.JMeterThread: Thread started: User Stress Test Group 1-32
2025-03-15 00:56:53,354 INFO o.a.j.t.JMeterThread: Thread started: User Stress Test Group 1-33
2025-03-15 00:56:53,405 INFO o.a.j.t.JMeterThread: Thread started: User Stress Test Group 1-34
2025-03-15 00:56:53,451 INFO o.a.j.t.JMeterThread: Thread started: User Stress Test Group 1-35
2025-03-15 00:56:53,498 INFO o.a.j.t.JMeterThread: Thread started: User Stress Test Group 1-36
2025-03-15 00:56:53,549 INFO o.a.j.t.JMeterThread: Thread started: User Stress Test Group 1-37
2025-03-15 00:56:53,602 INFO o.a.j.t.JMeterThread: Thread started: User Stress Test Group 1-38
2025-03-15 00:56:53,652 INFO o.a.j.t.JMeterThread: Thread started: User Stress Test Group 1-39
2025-03-15 00:56:53,701 INFO o.a.j.t.JMeterThread: Thread started: User Stress Test Group 1-40
2025-03-15 00:56:53,750 INFO o.a.j.t.JMeterThread: Thread started: User Stress Test Group 1-41
2025-03-15 00:56:53,800 INFO o.a.j.t.JMeterThread: Thread started: User Stress Test Group 1-42
2025-03-15 00:56:53,852 INFO o.a.j.t.JMeterThread: Thread started: User Stress Test Group 1-43
2025-03-15 00:56:53,899 INFO o.a.j.t.JMeterThread: Thread started: User Stress Test Group 1-44
2025-03-15 00:56:53,950 INFO o.a.j.t.JMeterThread: Thread started: User Stress Test Group 1-45
2025-03-15 00:56:54,001 INFO o.a.j.t.JMeterThread: Thread started: User Stress Test Group 1-46
2025-03-15 00:56:54,053 INFO o.a.j.t.JMeterThread: Thread started: User Stress Test Group 1-47
2025-03-15 00:56:54,102 INFO o.a.j.t.JMeterThread: Thread started: User Stress Test Group 1-48
2025-03-15 00:56:54,156 INFO o.a.j.t.JMeterThread: Thread started: User Stress Test Group 1-49
2025-03-15 00:56:54,201 INFO o.a.j.t.JMeterThread: Thread started: User Stress Test Group 1-50
2025-03-15 00:56:54,251 INFO o.a.j.t.JMeterThread: Thread started: User Stress Test Group 1-51
2025-03-15 00:56:54,299 INFO o.a.j.t.JMeterThread: Thread started: User Stress Test Group 1-52
2025-03-15 00:56:54,399 INFO o.a.j.t.JMeterThread: Thread started: User Stress Test Group 1-54
2025-03-15 00:56:54,349 INFO o.a.j.t.JMeterThread: Thread started: User Stress Test Group 1-53
2025-03-15 00:56:54,453 INFO o.a.j.t.JMeterThread: Thread started: User Stress Test Group 1-55
2025-03-15 00:56:54,501 INFO o.a.j.t.JMeterThread: Thread started: User Stress Test Group 1-56
2025-03-15 00:56:54,551 INFO o.a.j.t.JMeterThread: Thread started: User Stress Test Group 1-57
2025-03-15 00:56:54,606 INFO o.a.j.t.JMeterThread: Thread started: User Stress Test Group 1-58
2025-03-15 00:56:54,653 INFO o.a.j.t.JMeterThread: Thread started: User Stress Test Group 1-59
2025-03-15 00:56:54,705 INFO o.a.j.t.JMeterThread: Thread started: User Stress Test Group 1-60
2025-03-15 00:56:54,755 INFO o.a.j.t.JMeterThread: Thread started: User Stress Test Group 1-61
2025-03-15 00:56:54,800 INFO o.a.j.t.JMeterThread: Thread started: User Stress Test Group 1-62
2025-03-15 00:56:54,850 INFO o.a.j.t.JMeterThread: Thread started: User Stress Test Group 1-63
2025-03-15 00:56:54,902 INFO o.a.j.t.JMeterThread: Thread started: User Stress Test Group 1-64
2025-03-15 00:56:54,954 INFO o.a.j.t.JMeterThread: Thread started: User Stress Test Group 1-65
2025-03-15 00:56:55,003 INFO o.a.j.t.JMeterThread: Thread started: User Stress Test Group 1-66
2025-03-15 00:56:55,049 INFO o.a.j.t.JMeterThread: Thread started: User Stress Test Group 1-67
2025-03-15 00:56:55,107 INFO o.a.j.t.JMeterThread: Thread started: User Stress Test Group 1-68
2025-03-15 00:56:55,151 INFO o.a.j.t.JMeterThread: Thread started: User Stress Test Group 1-69
2025-03-15 00:56:55,200 INFO o.a.j.t.JMeterThread: Thread started: User Stress Test Group 1-70
2025-03-15 00:56:55,301 INFO o.a.j.t.JMeterThread: Thread started: User Stress Test Group 1-72
2025-03-15 00:56:55,249 INFO o.a.j.t.JMeterThread: Thread started: User Stress Test Group 1-71
2025-03-15 00:56:55,393 INFO o.a.j.t.JMeterThread: Thread started: User Stress Test Group 1-73
2025-03-15 00:56:55,407 INFO o.a.j.t.JMeterThread: Thread started: User Stress Test Group 1-74
2025-03-15 00:56:55,450 INFO o.a.j.t.JMeterThread: Thread started: User Stress Test Group 1-75
2025-03-15 00:56:55,499 INFO o.a.j.t.JMeterThread: Thread started: User Stress Test Group 1-76
2025-03-15 00:56:55,560 INFO o.a.j.t.JMeterThread: Thread started: User Stress Test Group 1-77
2025-03-15 00:56:55,600 INFO o.a.j.t.JMeterThread: Thread started: User Stress Test Group 1-78
2025-03-15 00:56:55,650 INFO o.a.j.t.JMeterThread: Thread started: User Stress Test Group 1-79
2025-03-15 00:56:55,701 INFO o.a.j.t.JMeterThread: Thread started: User Stress Test Group 1-80
2025-03-15 00:56:55,749 INFO o.a.j.t.JMeterThread: Thread started: User Stress Test Group 1-81
2025-03-15 00:56:55,803 INFO o.a.j.t.JMeterThread: Thread started: User Stress Test Group 1-82
2025-03-15 00:56:55,849 INFO o.a.j.t.JMeterThread: Thread started: User Stress Test Group 1-83
2025-03-15 00:56:55,901 INFO o.a.j.t.JMeterThread: Thread started: User Stress Test Group 1-84
2025-03-15 00:56:55,954 INFO o.a.j.t.JMeterThread: Thread started: User Stress Test Group 1-85
2025-03-15 00:56:56,002 INFO o.a.j.t.JMeterThread: Thread started: User Stress Test Group 1-86
2025-03-15 00:56:56,050 INFO o.a.j.t.JMeterThread: Thread started: User Stress Test Group 1-87
2025-03-15 00:56:56,104 INFO o.a.j.t.JMeterThread: Thread started: User Stress Test Group 1-88
2025-03-15 00:56:56,151 INFO o.a.j.t.JMeterThread: Thread started: User Stress Test Group 1-89
2025-03-15 00:56:56,198 INFO o.a.j.t.JMeterThread: Thread started: User Stress Test Group 1-90
2025-03-15 00:56:56,249 INFO o.a.j.t.JMeterThread: Thread started: User Stress Test Group 1-91
2025-03-15 00:56:56,299 INFO o.a.j.t.JMeterThread: Thread started: User Stress Test Group 1-92
2025-03-15 00:56:56,354 INFO o.a.j.t.JMeterThread: Thread started: User Stress Test Group 1-93
2025-03-15 00:56:56,401 INFO o.a.j.t.JMeterThread: Thread started: User Stress Test Group 1-94
2025-03-15 00:56:56,451 INFO o.a.j.t.JMeterThread: Thread started: User Stress Test Group 1-95
2025-03-15 00:56:56,499 INFO o.a.j.t.JMeterThread: Thread started: User Stress Test Group 1-96
2025-03-15 00:56:56,548 INFO o.a.j.t.JMeterThread: Thread started: User Stress Test Group 1-97
2025-03-15 00:56:56,599 INFO o.a.j.t.JMeterThread: Thread started: User Stress Test Group 1-98
2025-03-15 00:56:56,653 INFO o.a.j.t.JMeterThread: Thread started: User Stress Test Group 1-99
2025-03-15 00:56:56,701 INFO o.a.j.t.JMeterThread: Thread started: User Stress Test Group 1-100
2025-03-15 00:56:56,749 INFO o.a.j.t.JMeterThread: Thread started: User Stress Test Group 1-101
2025-03-15 00:56:56,799 INFO o.a.j.t.JMeterThread: Thread started: User Stress Test Group 1-102
2025-03-15 00:56:56,852 INFO o.a.j.t.JMeterThread: Thread started: User Stress Test Group 1-103
2025-03-15 00:56:56,899 INFO o.a.j.t.JMeterThread: Thread started: User Stress Test Group 1-104
2025-03-15 00:56:56,950 INFO o.a.j.t.JMeterThread: Thread started: User Stress Test Group 1-105
2025-03-15 00:56:57,002 INFO o.a.j.t.JMeterThread: Thread started: User Stress Test Group 1-106
2025-03-15 00:56:57,049 INFO o.a.j.t.JMeterThread: Thread started: User Stress Test Group 1-107
2025-03-15 00:56:57,099 INFO o.a.j.t.JMeterThread: Thread started: User Stress Test Group 1-108
2025-03-15 00:56:57,151 INFO o.a.j.t.JMeterThread: Thread started: User Stress Test Group 1-109
2025-03-15 00:56:57,201 INFO o.a.j.t.JMeterThread: Thread started: User Stress Test Group 1-110
2025-03-15 00:56:57,257 INFO o.a.j.t.JMeterThread: Thread started: User Stress Test Group 1-111
2025-03-15 00:56:57,299 INFO o.a.j.t.JMeterThread: Thread started: User Stress Test Group 1-112
2025-03-15 00:56:57,355 INFO o.a.j.t.JMeterThread: Thread started: User Stress Test Group 1-113
2025-03-15 00:56:57,403 INFO o.a.j.t.JMeterThread: Thread started: User Stress Test Group 1-114
2025-03-15 00:56:57,453 INFO o.a.j.t.JMeterThread: Thread started: User Stress Test Group 1-115
2025-03-15 00:56:57,500 INFO o.a.j.t.JMeterThread: Thread started: User Stress Test Group 1-116
2025-03-15 00:56:57,552 INFO o.a.j.t.JMeterThread: Thread started: User Stress Test Group 1-117
2025-03-15 00:56:57,599 INFO o.a.j.t.JMeterThread: Thread started: User Stress Test Group 1-118
2025-03-15 00:56:57,652 INFO o.a.j.t.JMeterThread: Thread started: User Stress Test Group 1-119
2025-03-15 00:56:57,701 INFO o.a.j.t.JMeterThread: Thread started: User Stress Test Group 1-120
2025-03-15 00:56:57,752 INFO o.a.j.t.JMeterThread: Thread started: User Stress Test Group 1-121
2025-03-15 00:56:57,800 INFO o.a.j.t.JMeterThread: Thread started: User Stress Test Group 1-122
2025-03-15 00:56:57,850 INFO o.a.j.t.JMeterThread: Thread started: User Stress Test Group 1-123
2025-03-15 00:56:57,902 INFO o.a.j.t.JMeterThread: Thread started: User Stress Test Group 1-124
2025-03-15 00:56:57,952 INFO o.a.j.t.JMeterThread: Thread started: User Stress Test Group 1-125
2025-03-15 00:56:58,005 INFO o.a.j.t.JMeterThread: Thread started: User Stress Test Group 1-126
2025-03-15 00:56:58,050 INFO o.a.j.t.JMeterThread: Thread started: User Stress Test Group 1-127
2025-03-15 00:56:58,101 INFO o.a.j.t.JMeterThread: Thread started: User Stress Test Group 1-128
2025-03-15 00:56:58,153 INFO o.a.j.t.JMeterThread: Thread started: User Stress Test Group 1-129
2025-03-15 00:56:58,216 INFO o.a.j.t.JMeterThread: Thread started: User Stress Test Group 1-130
2025-03-15 00:56:58,262 INFO o.a.j.t.JMeterThread: Thread started: User Stress Test Group 1-131
2025-03-15 00:56:58,312 INFO o.a.j.t.JMeterThread: Thread started: User Stress Test Group 1-132
2025-03-15 00:56:58,359 INFO o.a.j.t.JMeterThread: Thread started: User Stress Test Group 1-133
2025-03-15 00:56:58,402 INFO o.a.j.t.JMeterThread: Thread started: User Stress Test Group 1-134
2025-03-15 00:56:58,451 INFO o.a.j.t.JMeterThread: Thread started: User Stress Test Group 1-135
2025-03-15 00:56:58,498 INFO o.a.j.t.JMeterThread: Thread started: User Stress Test Group 1-136
2025-03-15 00:56:58,548 INFO o.a.j.t.JMeterThread: Thread started: User Stress Test Group 1-137
2025-03-15 00:56:58,600 INFO o.a.j.t.JMeterThread: Thread started: User Stress Test Group 1-138
2025-03-15 00:56:58,653 INFO o.a.j.t.JMeterThread: Thread started: User Stress Test Group 1-139
2025-03-15 00:56:58,700 INFO o.a.j.t.JMeterThread: Thread started: User Stress Test Group 1-140
2025-03-15 00:56:58,754 INFO o.a.j.t.JMeterThread: Thread started: User Stress Test Group 1-141
2025-03-15 00:56:58,799 INFO o.a.j.t.JMeterThread: Thread started: User Stress Test Group 1-142
2025-03-15 00:56:58,853 INFO o.a.j.t.JMeterThread: Thread started: User Stress Test Group 1-143
2025-03-15 00:56:58,900 INFO o.a.j.t.JMeterThread: Thread started: User Stress Test Group 1-144
2025-03-15 00:56:58,950 INFO o.a.j.t.JMeterThread: Thread started: User Stress Test Group 1-145
2025-03-15 00:56:59,005 INFO o.a.j.t.JMeterThread: Thread started: User Stress Test Group 1-146
2025-03-15 00:56:59,050 INFO o.a.j.t.JMeterThread: Thread started: User Stress Test Group 1-147
2025-03-15 00:56:59,098 INFO o.a.j.t.JMeterThread: Thread started: User Stress Test Group 1-148
2025-03-15 00:56:59,151 INFO o.a.j.t.JMeterThread: Thread started: User Stress Test Group 1-149
2025-03-15 00:56:59,202 INFO o.a.j.t.JMeterThread: Thread started: User Stress Test Group 1-150
2025-03-15 00:56:59,253 INFO o.a.j.t.JMeterThread: Thread started: User Stress Test Group 1-151
2025-03-15 00:56:59,301 INFO o.a.j.t.JMeterThread: Thread started: User Stress Test Group 1-152
2025-03-15 00:56:59,349 INFO o.a.j.t.JMeterThread: Thread started: User Stress Test Group 1-153
2025-03-15 00:56:59,399 INFO o.a.j.t.JMeterThread: Thread started: User Stress Test Group 1-154
2025-03-15 00:56:59,450 INFO o.a.j.t.JMeterThread: Thread started: User Stress Test Group 1-155
2025-03-15 00:56:59,502 INFO o.a.j.t.JMeterThread: Thread started: User Stress Test Group 1-156
2025-03-15 00:56:59,549 INFO o.a.j.t.JMeterThread: Thread started: User Stress Test Group 1-157
2025-03-15 00:56:59,599 INFO o.a.j.t.JMeterThread: Thread started: User Stress Test Group 1-158
2025-03-15 00:56:59,649 INFO o.a.j.t.JMeterThread: Thread started: User Stress Test Group 1-159
2025-03-15 00:56:59,699 INFO o.a.j.t.JMeterThread: Thread started: User Stress Test Group 1-160
2025-03-15 00:56:59,748 INFO o.a.j.t.JMeterThread: Thread started: User Stress Test Group 1-161
2025-03-15 00:56:59,803 INFO o.a.j.t.JMeterThread: Thread started: User Stress Test Group 1-162
2025-03-15 00:56:59,851 INFO o.a.j.t.JMeterThread: Thread started: User Stress Test Group 1-163
2025-03-15 00:56:59,904 INFO o.a.j.t.JMeterThread: Thread started: User Stress Test Group 1-164
2025-03-15 00:56:59,950 INFO o.a.j.t.JMeterThread: Thread started: User Stress Test Group 1-165
2025-03-15 00:57:00,000 INFO o.a.j.t.JMeterThread: Thread started: User Stress Test Group 1-166
2025-03-15 00:57:00,048 INFO o.a.j.t.JMeterThread: Thread started: User Stress Test Group 1-167
2025-03-15 00:57:00,048 INFO o.a.j.r.Summariser: summary +  10883 in 00:00:08 = 1312.6/s Avg:    27 Min:     1 Max:   634 Err:     0 (0.00%) Active: 166 Started: 166 Finished: 0
2025-03-15 00:57:00,105 INFO o.a.j.t.JMeterThread: Thread started: User Stress Test Group 1-168
2025-03-15 00:57:00,150 INFO o.a.j.t.JMeterThread: Thread started: User Stress Test Group 1-169
2025-03-15 00:57:00,198 INFO o.a.j.t.JMeterThread: Thread started: User Stress Test Group 1-170
2025-03-15 00:57:00,250 INFO o.a.j.t.JMeterThread: Thread started: User Stress Test Group 1-171
2025-03-15 00:57:00,302 INFO o.a.j.t.JMeterThread: Thread started: User Stress Test Group 1-172
2025-03-15 00:57:00,349 INFO o.a.j.t.JMeterThread: Thread started: User Stress Test Group 1-173
2025-03-15 00:57:00,403 INFO o.a.j.t.JMeterThread: Thread started: User Stress Test Group 1-174
2025-03-15 00:57:00,449 INFO o.a.j.t.JMeterThread: Thread started: User Stress Test Group 1-175
2025-03-15 00:57:00,506 INFO o.a.j.t.JMeterThread: Thread started: User Stress Test Group 1-176
2025-03-15 00:57:00,551 INFO o.a.j.t.JMeterThread: Thread started: User Stress Test Group 1-177
2025-03-15 00:57:00,600 INFO o.a.j.t.JMeterThread: Thread started: User Stress Test Group 1-178
2025-03-15 00:57:00,651 INFO o.a.j.t.JMeterThread: Thread started: User Stress Test Group 1-179
2025-03-15 00:57:00,701 INFO o.a.j.t.JMeterThread: Thread started: User Stress Test Group 1-180
2025-03-15 00:57:00,755 INFO o.a.j.t.JMeterThread: Thread started: User Stress Test Group 1-181
2025-03-15 00:57:00,806 INFO o.a.j.t.JMeterThread: Thread started: User Stress Test Group 1-182
2025-03-15 00:57:00,850 INFO o.a.j.t.JMeterThread: Thread started: User Stress Test Group 1-183
2025-03-15 00:57:00,912 INFO o.a.j.t.JMeterThread: Thread started: User Stress Test Group 1-184
2025-03-15 00:57:00,953 INFO o.a.j.t.JMeterThread: Thread started: User Stress Test Group 1-185
2025-03-15 00:57:01,001 INFO o.a.j.t.JMeterThread: Thread started: User Stress Test Group 1-186
2025-03-15 00:57:01,049 INFO o.a.j.t.JMeterThread: Thread started: User Stress Test Group 1-187
2025-03-15 00:57:01,102 INFO o.a.j.t.JMeterThread: Thread started: User Stress Test Group 1-188
2025-03-15 00:57:01,154 INFO o.a.j.t.JMeterThread: Thread started: User Stress Test Group 1-189
2025-03-15 00:57:01,200 INFO o.a.j.t.JMeterThread: Thread started: User Stress Test Group 1-190
2025-03-15 00:57:01,254 INFO o.a.j.t.JMeterThread: Thread started: User Stress Test Group 1-191
2025-03-15 00:57:01,302 INFO o.a.j.t.JMeterThread: Thread started: User Stress Test Group 1-192
2025-03-15 00:57:01,349 INFO o.a.j.t.JMeterThread: Thread started: User Stress Test Group 1-193
2025-03-15 00:57:01,398 INFO o.a.j.t.JMeterThread: Thread started: User Stress Test Group 1-194
2025-03-15 00:57:01,499 INFO o.a.j.t.JMeterThread: Thread started: User Stress Test Group 1-196
2025-03-15 00:57:01,460 INFO o.a.j.t.JMeterThread: Thread started: User Stress Test Group 1-195
2025-03-15 00:57:01,554 INFO o.a.j.t.JMeterThread: Thread started: User Stress Test Group 1-197
2025-03-15 00:57:01,601 INFO o.a.j.t.JMeterThread: Thread started: User Stress Test Group 1-198
2025-03-15 00:57:01,660 INFO o.a.j.t.JMeterThread: Thread started: User Stress Test Group 1-199
2025-03-15 00:57:01,705 INFO o.a.j.t.JMeterThread: Thread started: User Stress Test Group 1-200
2025-03-15 00:57:20,304 INFO o.a.j.t.JMeterThread: Thread is done: User Stress Test Group 1-11
2025-03-15 00:57:20,304 INFO o.a.j.t.JMeterThread: Thread finished: User Stress Test Group 1-11
2025-03-15 00:57:20,978 INFO o.a.j.t.JMeterThread: Thread is done: User Stress Test Group 1-17
2025-03-15 00:57:21,010 INFO o.a.j.t.JMeterThread: Thread finished: User Stress Test Group 1-17
2025-03-15 00:57:22,001 INFO o.a.j.t.JMeterThread: Thread is done: User Stress Test Group 1-25
2025-03-15 00:57:22,001 INFO o.a.j.t.JMeterThread: Thread finished: User Stress Test Group 1-25
2025-03-15 00:57:23,033 INFO o.a.j.t.JMeterThread: Thread is done: User Stress Test Group 1-6
2025-03-15 00:57:23,033 INFO o.a.j.t.JMeterThread: Thread finished: User Stress Test Group 1-6
2025-03-15 00:57:23,304 INFO o.a.j.t.JMeterThread: Thread is done: User Stress Test Group 1-26
2025-03-15 00:57:23,304 INFO o.a.j.t.JMeterThread: Thread finished: User Stress Test Group 1-26
2025-03-15 00:57:23,482 INFO o.a.j.t.JMeterThread: Thread is done: User Stress Test Group 1-1
2025-03-15 00:57:23,482 INFO o.a.j.t.JMeterThread: Thread finished: User Stress Test Group 1-1
2025-03-15 00:57:23,536 INFO o.a.j.t.JMeterThread: Thread is done: User Stress Test Group 1-90
2025-03-15 00:57:23,536 INFO o.a.j.t.JMeterThread: Thread finished: User Stress Test Group 1-90
2025-03-15 00:57:23,989 INFO o.a.j.t.JMeterThread: Thread is done: User Stress Test Group 1-10
2025-03-15 00:57:24,012 INFO o.a.j.t.JMeterThread: Thread finished: User Stress Test Group 1-10
2025-03-15 00:57:24,066 INFO o.a.j.t.JMeterThread: Thread is done: User Stress Test Group 1-65
2025-03-15 00:57:24,066 INFO o.a.j.t.JMeterThread: Thread finished: User Stress Test Group 1-65
2025-03-15 00:57:24,274 INFO o.a.j.t.JMeterThread: Thread is done: User Stress Test Group 1-72
2025-03-15 00:57:24,274 INFO o.a.j.t.JMeterThread: Thread finished: User Stress Test Group 1-72
2025-03-15 00:57:24,323 INFO o.a.j.t.JMeterThread: Thread is done: User Stress Test Group 1-12
2025-03-15 00:57:24,323 INFO o.a.j.t.JMeterThread: Thread finished: User Stress Test Group 1-12
2025-03-15 00:57:24,395 INFO o.a.j.t.JMeterThread: Thread is done: User Stress Test Group 1-7
2025-03-15 00:57:24,395 INFO o.a.j.t.JMeterThread: Thread finished: User Stress Test Group 1-7
2025-03-15 00:57:24,461 INFO o.a.j.t.JMeterThread: Thread is done: User Stress Test Group 1-21
2025-03-15 00:57:24,461 INFO o.a.j.t.JMeterThread: Thread finished: User Stress Test Group 1-21
2025-03-15 00:57:24,541 INFO o.a.j.t.JMeterThread: Thread is done: User Stress Test Group 1-4
2025-03-15 00:57:24,541 INFO o.a.j.t.JMeterThread: Thread finished: User Stress Test Group 1-4
2025-03-15 00:57:24,704 INFO o.a.j.t.JMeterThread: Thread is done: User Stress Test Group 1-28
2025-03-15 00:57:24,704 INFO o.a.j.t.JMeterThread: Thread finished: User Stress Test Group 1-28
2025-03-15 00:57:25,002 INFO o.a.j.t.JMeterThread: Thread is done: User Stress Test Group 1-14
2025-03-15 00:57:25,023 INFO o.a.j.t.JMeterThread: Thread finished: User Stress Test Group 1-14
2025-03-15 00:57:25,207 INFO o.a.j.t.JMeterThread: Thread is done: User Stress Test Group 1-152
2025-03-15 00:57:25,207 INFO o.a.j.t.JMeterThread: Thread finished: User Stress Test Group 1-152
2025-03-15 00:57:25,317 INFO o.a.j.t.JMeterThread: Thread is done: User Stress Test Group 1-9
2025-03-15 00:57:25,317 INFO o.a.j.t.JMeterThread: Thread finished: User Stress Test Group 1-9
2025-03-15 00:57:25,391 INFO o.a.j.t.JMeterThread: Thread is done: User Stress Test Group 1-33
2025-03-15 00:57:25,412 INFO o.a.j.t.JMeterThread: Thread finished: User Stress Test Group 1-33
2025-03-15 00:57:25,488 INFO o.a.j.t.JMeterThread: Thread is done: User Stress Test Group 1-51
2025-03-15 00:57:25,488 INFO o.a.j.t.JMeterThread: Thread finished: User Stress Test Group 1-51
2025-03-15 00:57:25,672 INFO o.a.j.t.JMeterThread: Thread is done: User Stress Test Group 1-15
2025-03-15 00:57:25,672 INFO o.a.j.t.JMeterThread: Thread finished: User Stress Test Group 1-15
2025-03-15 00:57:25,697 INFO o.a.j.t.JMeterThread: Thread is done: User Stress Test Group 1-93
2025-03-15 00:57:25,697 INFO o.a.j.t.JMeterThread: Thread finished: User Stress Test Group 1-93
2025-03-15 00:57:26,368 INFO o.a.j.t.JMeterThread: Thread is done: User Stress Test Group 1-78
2025-03-15 00:57:26,390 INFO o.a.j.t.JMeterThread: Thread finished: User Stress Test Group 1-78
2025-03-15 00:57:26,428 INFO o.a.j.t.JMeterThread: Thread is done: User Stress Test Group 1-50
2025-03-15 00:57:26,428 INFO o.a.j.t.JMeterThread: Thread finished: User Stress Test Group 1-50
2025-03-15 00:57:26,483 INFO o.a.j.t.JMeterThread: Thread is done: User Stress Test Group 1-18
2025-03-15 00:57:26,487 INFO o.a.j.t.JMeterThread: Thread finished: User Stress Test Group 1-18
2025-03-15 00:57:26,561 INFO o.a.j.t.JMeterThread: Thread is done: User Stress Test Group 1-89
2025-03-15 00:57:26,561 INFO o.a.j.t.JMeterThread: Thread finished: User Stress Test Group 1-89
2025-03-15 00:57:26,584 INFO o.a.j.t.JMeterThread: Thread is done: User Stress Test Group 1-2
2025-03-15 00:57:26,600 INFO o.a.j.t.JMeterThread: Thread finished: User Stress Test Group 1-2
2025-03-15 00:57:26,731 INFO o.a.j.t.JMeterThread: Thread is done: User Stress Test Group 1-55
2025-03-15 00:57:26,731 INFO o.a.j.t.JMeterThread: Thread finished: User Stress Test Group 1-55
2025-03-15 00:57:27,093 INFO o.a.j.t.JMeterThread: Thread is done: User Stress Test Group 1-34
2025-03-15 00:57:27,098 INFO o.a.j.t.JMeterThread: Thread is done: User Stress Test Group 1-48
2025-03-15 00:57:27,098 INFO o.a.j.t.JMeterThread: Thread finished: User Stress Test Group 1-48
2025-03-15 00:57:27,111 INFO o.a.j.t.JMeterThread: Thread finished: User Stress Test Group 1-34
2025-03-15 00:57:27,232 INFO o.a.j.t.JMeterThread: Thread is done: User Stress Test Group 1-121
2025-03-15 00:57:27,232 INFO o.a.j.t.JMeterThread: Thread finished: User Stress Test Group 1-121
2025-03-15 00:57:27,242 INFO o.a.j.t.JMeterThread: Thread is done: User Stress Test Group 1-22
2025-03-15 00:57:27,242 INFO o.a.j.t.JMeterThread: Thread finished: User Stress Test Group 1-22
2025-03-15 00:57:27,442 INFO o.a.j.t.JMeterThread: Thread is done: User Stress Test Group 1-3
2025-03-15 00:57:27,451 INFO o.a.j.t.JMeterThread: Thread finished: User Stress Test Group 1-3
2025-03-15 00:57:27,478 INFO o.a.j.t.JMeterThread: Thread is done: User Stress Test Group 1-86
2025-03-15 00:57:27,478 INFO o.a.j.t.JMeterThread: Thread finished: User Stress Test Group 1-86
2025-03-15 00:57:27,574 INFO o.a.j.t.JMeterThread: Thread is done: User Stress Test Group 1-13
2025-03-15 00:57:27,574 INFO o.a.j.t.JMeterThread: Thread finished: User Stress Test Group 1-13
2025-03-15 00:57:27,671 INFO o.a.j.t.JMeterThread: Thread is done: User Stress Test Group 1-23
2025-03-15 00:57:27,671 INFO o.a.j.t.JMeterThread: Thread finished: User Stress Test Group 1-23
2025-03-15 00:57:27,711 INFO o.a.j.t.JMeterThread: Thread is done: User Stress Test Group 1-38
2025-03-15 00:57:27,711 INFO o.a.j.t.JMeterThread: Thread finished: User Stress Test Group 1-38
2025-03-15 00:57:27,717 INFO o.a.j.t.JMeterThread: Thread is done: User Stress Test Group 1-19
2025-03-15 00:57:27,717 INFO o.a.j.t.JMeterThread: Thread finished: User Stress Test Group 1-19
2025-03-15 00:57:27,744 INFO o.a.j.t.JMeterThread: Thread is done: User Stress Test Group 1-143
2025-03-15 00:57:27,744 INFO o.a.j.t.JMeterThread: Thread finished: User Stress Test Group 1-143
2025-03-15 00:57:27,769 INFO o.a.j.t.JMeterThread: Thread is done: User Stress Test Group 1-111
2025-03-15 00:57:27,769 INFO o.a.j.t.JMeterThread: Thread finished: User Stress Test Group 1-111
2025-03-15 00:57:27,838 INFO o.a.j.t.JMeterThread: Thread is done: User Stress Test Group 1-62
2025-03-15 00:57:27,838 INFO o.a.j.t.JMeterThread: Thread finished: User Stress Test Group 1-62
2025-03-15 00:57:28,140 INFO o.a.j.t.JMeterThread: Thread is done: User Stress Test Group 1-42
2025-03-15 00:57:28,140 INFO o.a.j.t.JMeterThread: Thread finished: User Stress Test Group 1-42
2025-03-15 00:57:28,149 INFO o.a.j.t.JMeterThread: Thread is done: User Stress Test Group 1-27
2025-03-15 00:57:28,149 INFO o.a.j.t.JMeterThread: Thread finished: User Stress Test Group 1-27
2025-03-15 00:57:28,157 INFO o.a.j.t.JMeterThread: Thread is done: User Stress Test Group 1-110
2025-03-15 00:57:28,157 INFO o.a.j.t.JMeterThread: Thread finished: User Stress Test Group 1-110
2025-03-15 00:57:28,215 INFO o.a.j.t.JMeterThread: Thread is done: User Stress Test Group 1-31
2025-03-15 00:57:28,215 INFO o.a.j.t.JMeterThread: Thread finished: User Stress Test Group 1-31
2025-03-15 00:57:28,217 INFO o.a.j.t.JMeterThread: Thread is done: User Stress Test Group 1-145
2025-03-15 00:57:28,217 INFO o.a.j.t.JMeterThread: Thread finished: User Stress Test Group 1-145
2025-03-15 00:57:28,253 INFO o.a.j.t.JMeterThread: Thread is done: User Stress Test Group 1-32
2025-03-15 00:57:28,253 INFO o.a.j.t.JMeterThread: Thread finished: User Stress Test Group 1-32
2025-03-15 00:57:28,324 INFO o.a.j.t.JMeterThread: Thread is done: User Stress Test Group 1-61
2025-03-15 00:57:28,324 INFO o.a.j.t.JMeterThread: Thread finished: User Stress Test Group 1-61
2025-03-15 00:57:28,370 INFO o.a.j.t.JMeterThread: Thread is done: User Stress Test Group 1-118
2025-03-15 00:57:28,370 INFO o.a.j.t.JMeterThread: Thread finished: User Stress Test Group 1-118
2025-03-15 00:57:28,461 INFO o.a.j.t.JMeterThread: Thread is done: User Stress Test Group 1-16
2025-03-15 00:57:28,461 INFO o.a.j.t.JMeterThread: Thread finished: User Stress Test Group 1-16
2025-03-15 00:57:28,547 INFO o.a.j.t.JMeterThread: Thread is done: User Stress Test Group 1-92
2025-03-15 00:57:28,547 INFO o.a.j.t.JMeterThread: Thread finished: User Stress Test Group 1-92
2025-03-15 00:57:28,619 INFO o.a.j.t.JMeterThread: Thread is done: User Stress Test Group 1-29
2025-03-15 00:57:28,619 INFO o.a.j.t.JMeterThread: Thread finished: User Stress Test Group 1-29
2025-03-15 00:57:28,649 INFO o.a.j.t.JMeterThread: Thread is done: User Stress Test Group 1-186
2025-03-15 00:57:28,649 INFO o.a.j.t.JMeterThread: Thread finished: User Stress Test Group 1-186
2025-03-15 00:57:28,679 INFO o.a.j.t.JMeterThread: Thread is done: User Stress Test Group 1-20
2025-03-15 00:57:28,679 INFO o.a.j.t.JMeterThread: Thread finished: User Stress Test Group 1-20
2025-03-15 00:57:28,886 INFO o.a.j.t.JMeterThread: Thread is done: User Stress Test Group 1-80
2025-03-15 00:57:28,886 INFO o.a.j.t.JMeterThread: Thread finished: User Stress Test Group 1-80
2025-03-15 00:57:29,006 INFO o.a.j.t.JMeterThread: Thread is done: User Stress Test Group 1-114
2025-03-15 00:57:29,014 INFO o.a.j.t.JMeterThread: Thread finished: User Stress Test Group 1-114
2025-03-15 00:57:29,142 INFO o.a.j.t.JMeterThread: Thread is done: User Stress Test Group 1-43
2025-03-15 00:57:29,142 INFO o.a.j.t.JMeterThread: Thread finished: User Stress Test Group 1-43
2025-03-15 00:57:29,149 INFO o.a.j.t.JMeterThread: Thread is done: User Stress Test Group 1-174
2025-03-15 00:57:29,149 INFO o.a.j.t.JMeterThread: Thread finished: User Stress Test Group 1-174
2025-03-15 00:57:29,259 INFO o.a.j.t.JMeterThread: Thread is done: User Stress Test Group 1-66
2025-03-15 00:57:29,259 INFO o.a.j.t.JMeterThread: Thread finished: User Stress Test Group 1-66
2025-03-15 00:57:29,353 INFO o.a.j.t.JMeterThread: Thread is done: User Stress Test Group 1-102
2025-03-15 00:57:29,353 INFO o.a.j.t.JMeterThread: Thread finished: User Stress Test Group 1-102
2025-03-15 00:57:29,445 INFO o.a.j.t.JMeterThread: Thread is done: User Stress Test Group 1-64
2025-03-15 00:57:29,445 INFO o.a.j.t.JMeterThread: Thread finished: User Stress Test Group 1-64
2025-03-15 00:57:29,470 INFO o.a.j.t.JMeterThread: Thread is done: User Stress Test Group 1-52
2025-03-15 00:57:29,470 INFO o.a.j.t.JMeterThread: Thread finished: User Stress Test Group 1-52
2025-03-15 00:57:29,645 INFO o.a.j.t.JMeterThread: Thread is done: User Stress Test Group 1-39
2025-03-15 00:57:29,645 INFO o.a.j.t.JMeterThread: Thread finished: User Stress Test Group 1-39
2025-03-15 00:57:29,662 INFO o.a.j.t.JMeterThread: Thread is done: User Stress Test Group 1-59
2025-03-15 00:57:29,662 INFO o.a.j.t.JMeterThread: Thread finished: User Stress Test Group 1-59
2025-03-15 00:57:29,750 INFO o.a.j.t.JMeterThread: Thread is done: User Stress Test Group 1-77
2025-03-15 00:57:29,750 INFO o.a.j.t.JMeterThread: Thread finished: User Stress Test Group 1-77
2025-03-15 00:57:29,818 INFO o.a.j.t.JMeterThread: Thread is done: User Stress Test Group 1-35
2025-03-15 00:57:29,818 INFO o.a.j.t.JMeterThread: Thread finished: User Stress Test Group 1-35
2025-03-15 00:57:29,877 INFO o.a.j.t.JMeterThread: Thread is done: User Stress Test Group 1-63
2025-03-15 00:57:29,879 INFO o.a.j.t.JMeterThread: Thread finished: User Stress Test Group 1-63
2025-03-15 00:57:29,883 INFO o.a.j.t.JMeterThread: Thread is done: User Stress Test Group 1-156
2025-03-15 00:57:29,883 INFO o.a.j.t.JMeterThread: Thread finished: User Stress Test Group 1-156
2025-03-15 00:57:29,899 INFO o.a.j.t.JMeterThread: Thread is done: User Stress Test Group 1-126
2025-03-15 00:57:29,899 INFO o.a.j.t.JMeterThread: Thread finished: User Stress Test Group 1-126
2025-03-15 00:57:29,956 INFO o.a.j.t.JMeterThread: Thread is done: User Stress Test Group 1-179
2025-03-15 00:57:29,961 INFO o.a.j.t.JMeterThread: Thread finished: User Stress Test Group 1-179
2025-03-15 00:57:29,960 INFO o.a.j.t.JMeterThread: Thread is done: User Stress Test Group 1-37
2025-03-15 00:57:29,967 INFO o.a.j.t.JMeterThread: Thread finished: User Stress Test Group 1-37
2025-03-15 00:57:29,979 INFO o.a.j.t.JMeterThread: Thread is done: User Stress Test Group 1-115
2025-03-15 00:57:29,979 INFO o.a.j.t.JMeterThread: Thread finished: User Stress Test Group 1-115
2025-03-15 00:57:30,000 INFO o.a.j.r.Summariser: summary +  80161 in 00:00:30 = 2672.1/s Avg:    31 Min:     0 Max:  2368 Err:     0 (0.00%) Active: 128 Started: 200 Finished: 72
2025-03-15 00:57:30,022 INFO o.a.j.r.Summariser: summary =  91044 in 00:00:38 = 2377.7/s Avg:    30 Min:     0 Max:  2368 Err:     0 (0.00%)
2025-03-15 00:57:30,037 INFO o.a.j.t.JMeterThread: Thread is done: User Stress Test Group 1-75
2025-03-15 00:57:30,037 INFO o.a.j.t.JMeterThread: Thread finished: User Stress Test Group 1-75
2025-03-15 00:57:30,089 INFO o.a.j.t.JMeterThread: Thread is done: User Stress Test Group 1-53
2025-03-15 00:57:30,089 INFO o.a.j.t.JMeterThread: Thread finished: User Stress Test Group 1-53
2025-03-15 00:57:30,120 INFO o.a.j.t.JMeterThread: Thread is done: User Stress Test Group 1-82
2025-03-15 00:57:30,120 INFO o.a.j.t.JMeterThread: Thread finished: User Stress Test Group 1-82
2025-03-15 00:57:30,124 INFO o.a.j.t.JMeterThread: Thread is done: User Stress Test Group 1-74
2025-03-15 00:57:30,124 INFO o.a.j.t.JMeterThread: Thread finished: User Stress Test Group 1-74
2025-03-15 00:57:30,202 INFO o.a.j.t.JMeterThread: Thread is done: User Stress Test Group 1-71
2025-03-15 00:57:30,202 INFO o.a.j.t.JMeterThread: Thread finished: User Stress Test Group 1-71
2025-03-15 00:57:30,238 INFO o.a.j.t.JMeterThread: Thread is done: User Stress Test Group 1-138
2025-03-15 00:57:30,260 INFO o.a.j.t.JMeterThread: Thread finished: User Stress Test Group 1-138
2025-03-15 00:57:30,261 INFO o.a.j.t.JMeterThread: Thread is done: User Stress Test Group 1-188
2025-03-15 00:57:30,261 INFO o.a.j.t.JMeterThread: Thread finished: User Stress Test Group 1-188
2025-03-15 00:57:30,268 INFO o.a.j.t.JMeterThread: Thread is done: User Stress Test Group 1-8
2025-03-15 00:57:30,268 INFO o.a.j.t.JMeterThread: Thread finished: User Stress Test Group 1-8
2025-03-15 00:57:30,271 INFO o.a.j.t.JMeterThread: Thread is done: User Stress Test Group 1-45
2025-03-15 00:57:30,271 INFO o.a.j.t.JMeterThread: Thread finished: User Stress Test Group 1-45
2025-03-15 00:57:30,308 INFO o.a.j.t.JMeterThread: Thread is done: User Stress Test Group 1-95
2025-03-15 00:57:30,309 INFO o.a.j.t.JMeterThread: Thread finished: User Stress Test Group 1-95
2025-03-15 00:57:30,336 INFO o.a.j.t.JMeterThread: Thread is done: User Stress Test Group 1-5
2025-03-15 00:57:30,341 INFO o.a.j.t.JMeterThread: Thread finished: User Stress Test Group 1-5
2025-03-15 00:57:30,489 INFO o.a.j.t.JMeterThread: Thread is done: User Stress Test Group 1-46
2025-03-15 00:57:30,497 INFO o.a.j.t.JMeterThread: Thread finished: User Stress Test Group 1-46
2025-03-15 00:57:30,554 INFO o.a.j.t.JMeterThread: Thread is done: User Stress Test Group 1-124
2025-03-15 00:57:30,554 INFO o.a.j.t.JMeterThread: Thread finished: User Stress Test Group 1-124
2025-03-15 00:57:30,577 INFO o.a.j.t.JMeterThread: Thread is done: User Stress Test Group 1-98
2025-03-15 00:57:30,590 INFO o.a.j.t.JMeterThread: Thread finished: User Stress Test Group 1-98
2025-03-15 00:57:30,622 INFO o.a.j.t.JMeterThread: Thread is done: User Stress Test Group 1-189
2025-03-15 00:57:30,622 INFO o.a.j.t.JMeterThread: Thread finished: User Stress Test Group 1-189
2025-03-15 00:57:30,667 INFO o.a.j.t.JMeterThread: Thread is done: User Stress Test Group 1-158
2025-03-15 00:57:30,667 INFO o.a.j.t.JMeterThread: Thread finished: User Stress Test Group 1-158
2025-03-15 00:57:30,689 INFO o.a.j.t.JMeterThread: Thread is done: User Stress Test Group 1-141
2025-03-15 00:57:30,689 INFO o.a.j.t.JMeterThread: Thread finished: User Stress Test Group 1-141
2025-03-15 00:57:30,783 INFO o.a.j.t.JMeterThread: Thread is done: User Stress Test Group 1-160
2025-03-15 00:57:30,783 INFO o.a.j.t.JMeterThread: Thread finished: User Stress Test Group 1-160
2025-03-15 00:57:30,831 INFO o.a.j.t.JMeterThread: Thread is done: User Stress Test Group 1-112
2025-03-15 00:57:30,831 INFO o.a.j.t.JMeterThread: Thread finished: User Stress Test Group 1-112
2025-03-15 00:57:30,939 INFO o.a.j.t.JMeterThread: Thread is done: User Stress Test Group 1-97
2025-03-15 00:57:30,939 INFO o.a.j.t.JMeterThread: Thread finished: User Stress Test Group 1-97
2025-03-15 00:57:30,966 INFO o.a.j.t.JMeterThread: Thread is done: User Stress Test Group 1-30
2025-03-15 00:57:30,966 INFO o.a.j.t.JMeterThread: Thread finished: User Stress Test Group 1-30
2025-03-15 00:57:31,004 INFO o.a.j.t.JMeterThread: Thread is done: User Stress Test Group 1-41
2025-03-15 00:57:31,016 INFO o.a.j.t.JMeterThread: Thread finished: User Stress Test Group 1-41
2025-03-15 00:57:31,046 INFO o.a.j.t.JMeterThread: Thread is done: User Stress Test Group 1-146
2025-03-15 00:57:31,046 INFO o.a.j.t.JMeterThread: Thread finished: User Stress Test Group 1-146
2025-03-15 00:57:31,084 INFO o.a.j.t.JMeterThread: Thread is done: User Stress Test Group 1-103
2025-03-15 00:57:31,084 INFO o.a.j.t.JMeterThread: Thread finished: User Stress Test Group 1-103
2025-03-15 00:57:31,098 INFO o.a.j.t.JMeterThread: Thread is done: User Stress Test Group 1-147
2025-03-15 00:57:31,098 INFO o.a.j.t.JMeterThread: Thread finished: User Stress Test Group 1-147
2025-03-15 00:57:31,099 INFO o.a.j.t.JMeterThread: Thread is done: User Stress Test Group 1-24
2025-03-15 00:57:31,099 INFO o.a.j.t.JMeterThread: Thread finished: User Stress Test Group 1-24
2025-03-15 00:57:31,100 INFO o.a.j.t.JMeterThread: Thread is done: User Stress Test Group 1-133
2025-03-15 00:57:31,105 INFO o.a.j.t.JMeterThread: Thread finished: User Stress Test Group 1-133
2025-03-15 00:57:31,128 INFO o.a.j.t.JMeterThread: Thread is done: User Stress Test Group 1-56
2025-03-15 00:57:31,128 INFO o.a.j.t.JMeterThread: Thread finished: User Stress Test Group 1-56
2025-03-15 00:57:31,141 INFO o.a.j.t.JMeterThread: Thread is done: User Stress Test Group 1-84
2025-03-15 00:57:31,141 INFO o.a.j.t.JMeterThread: Thread finished: User Stress Test Group 1-84
2025-03-15 00:57:31,189 INFO o.a.j.t.JMeterThread: Thread is done: User Stress Test Group 1-151
2025-03-15 00:57:31,189 INFO o.a.j.t.JMeterThread: Thread finished: User Stress Test Group 1-151
2025-03-15 00:57:31,204 INFO o.a.j.t.JMeterThread: Thread is done: User Stress Test Group 1-47
2025-03-15 00:57:31,204 INFO o.a.j.t.JMeterThread: Thread finished: User Stress Test Group 1-47
2025-03-15 00:57:31,214 INFO o.a.j.t.JMeterThread: Thread is done: User Stress Test Group 1-83
2025-03-15 00:57:31,214 INFO o.a.j.t.JMeterThread: Thread finished: User Stress Test Group 1-83
2025-03-15 00:57:31,254 INFO o.a.j.t.JMeterThread: Thread is done: User Stress Test Group 1-79
2025-03-15 00:57:31,254 INFO o.a.j.t.JMeterThread: Thread finished: User Stress Test Group 1-79
2025-03-15 00:57:31,309 INFO o.a.j.t.JMeterThread: Thread is done: User Stress Test Group 1-125
2025-03-15 00:57:31,309 INFO o.a.j.t.JMeterThread: Thread finished: User Stress Test Group 1-125
2025-03-15 00:57:31,311 INFO o.a.j.t.JMeterThread: Thread is done: User Stress Test Group 1-85
2025-03-15 00:57:31,311 INFO o.a.j.t.JMeterThread: Thread finished: User Stress Test Group 1-85
2025-03-15 00:57:31,332 INFO o.a.j.t.JMeterThread: Thread is done: User Stress Test Group 1-194
2025-03-15 00:57:31,334 INFO o.a.j.t.JMeterThread: Thread finished: User Stress Test Group 1-194
2025-03-15 00:57:31,373 INFO o.a.j.t.JMeterThread: Thread is done: User Stress Test Group 1-184
2025-03-15 00:57:31,373 INFO o.a.j.t.JMeterThread: Thread finished: User Stress Test Group 1-184
2025-03-15 00:57:31,435 INFO o.a.j.t.JMeterThread: Thread is done: User Stress Test Group 1-177
2025-03-15 00:57:31,435 INFO o.a.j.t.JMeterThread: Thread finished: User Stress Test Group 1-177
2025-03-15 00:57:31,452 INFO o.a.j.t.JMeterThread: Thread is done: User Stress Test Group 1-176
2025-03-15 00:57:31,460 INFO o.a.j.t.JMeterThread: Thread finished: User Stress Test Group 1-176
2025-03-15 00:57:31,499 INFO o.a.j.t.JMeterThread: Thread is done: User Stress Test Group 1-129
2025-03-15 00:57:31,499 INFO o.a.j.t.JMeterThread: Thread finished: User Stress Test Group 1-129
2025-03-15 00:57:31,514 INFO o.a.j.t.JMeterThread: Thread is done: User Stress Test Group 1-132
2025-03-15 00:57:31,514 INFO o.a.j.t.JMeterThread: Thread finished: User Stress Test Group 1-132
2025-03-15 00:57:31,535 INFO o.a.j.t.JMeterThread: Thread is done: User Stress Test Group 1-40
2025-03-15 00:57:31,535 INFO o.a.j.t.JMeterThread: Thread finished: User Stress Test Group 1-40
2025-03-15 00:57:31,555 INFO o.a.j.t.JMeterThread: Thread is done: User Stress Test Group 1-60
2025-03-15 00:57:31,555 INFO o.a.j.t.JMeterThread: Thread finished: User Stress Test Group 1-60
2025-03-15 00:57:31,572 INFO o.a.j.t.JMeterThread: Thread is done: User Stress Test Group 1-104
2025-03-15 00:57:31,572 INFO o.a.j.t.JMeterThread: Thread finished: User Stress Test Group 1-104
2025-03-15 00:57:31,586 INFO o.a.j.t.JMeterThread: Thread is done: User Stress Test Group 1-87
2025-03-15 00:57:31,586 INFO o.a.j.t.JMeterThread: Thread finished: User Stress Test Group 1-87
2025-03-15 00:57:31,706 INFO o.a.j.t.JMeterThread: Thread is done: User Stress Test Group 1-190
2025-03-15 00:57:31,706 INFO o.a.j.t.JMeterThread: Thread finished: User Stress Test Group 1-190
2025-03-15 00:57:31,744 INFO o.a.j.t.JMeterThread: Thread is done: User Stress Test Group 1-105
2025-03-15 00:57:31,744 INFO o.a.j.t.JMeterThread: Thread finished: User Stress Test Group 1-105
2025-03-15 00:57:31,814 INFO o.a.j.t.JMeterThread: Thread is done: User Stress Test Group 1-172
2025-03-15 00:57:31,814 INFO o.a.j.t.JMeterThread: Thread finished: User Stress Test Group 1-172
2025-03-15 00:57:31,815 INFO o.a.j.t.JMeterThread: Thread is done: User Stress Test Group 1-173
2025-03-15 00:57:31,815 INFO o.a.j.t.JMeterThread: Thread finished: User Stress Test Group 1-173
2025-03-15 00:57:31,824 INFO o.a.j.t.JMeterThread: Thread is done: User Stress Test Group 1-149
2025-03-15 00:57:31,824 INFO o.a.j.t.JMeterThread: Thread finished: User Stress Test Group 1-149
2025-03-15 00:57:31,830 INFO o.a.j.t.JMeterThread: Thread is done: User Stress Test Group 1-161
2025-03-15 00:57:31,830 INFO o.a.j.t.JMeterThread: Thread finished: User Stress Test Group 1-161
2025-03-15 00:57:31,846 INFO o.a.j.t.JMeterThread: Thread is done: User Stress Test Group 1-108
2025-03-15 00:57:31,846 INFO o.a.j.t.JMeterThread: Thread finished: User Stress Test Group 1-108
2025-03-15 00:57:31,856 INFO o.a.j.t.JMeterThread: Thread is done: User Stress Test Group 1-181
2025-03-15 00:57:31,856 INFO o.a.j.t.JMeterThread: Thread finished: User Stress Test Group 1-181
2025-03-15 00:57:31,856 INFO o.a.j.t.JMeterThread: Thread is done: User Stress Test Group 1-175
2025-03-15 00:57:31,856 INFO o.a.j.t.JMeterThread: Thread finished: User Stress Test Group 1-175
2025-03-15 00:57:31,877 INFO o.a.j.t.JMeterThread: Thread is done: User Stress Test Group 1-120
2025-03-15 00:57:31,877 INFO o.a.j.t.JMeterThread: Thread finished: User Stress Test Group 1-120
2025-03-15 00:57:31,911 INFO o.a.j.t.JMeterThread: Thread is done: User Stress Test Group 1-67
2025-03-15 00:57:31,911 INFO o.a.j.t.JMeterThread: Thread finished: User Stress Test Group 1-67
2025-03-15 00:57:31,913 INFO o.a.j.t.JMeterThread: Thread is done: User Stress Test Group 1-76
2025-03-15 00:57:31,913 INFO o.a.j.t.JMeterThread: Thread finished: User Stress Test Group 1-76
2025-03-15 00:57:31,954 INFO o.a.j.t.JMeterThread: Thread is done: User Stress Test Group 1-155
2025-03-15 00:57:31,954 INFO o.a.j.t.JMeterThread: Thread finished: User Stress Test Group 1-155
2025-03-15 00:57:31,968 INFO o.a.j.t.JMeterThread: Thread is done: User Stress Test Group 1-197
2025-03-15 00:57:31,970 INFO o.a.j.t.JMeterThread: Thread finished: User Stress Test Group 1-197
2025-03-15 00:57:31,982 INFO o.a.j.t.JMeterThread: Thread is done: User Stress Test Group 1-137
2025-03-15 00:57:31,982 INFO o.a.j.t.JMeterThread: Thread finished: User Stress Test Group 1-137
2025-03-15 00:57:32,042 INFO o.a.j.t.JMeterThread: Thread is done: User Stress Test Group 1-193
2025-03-15 00:57:32,043 INFO o.a.j.t.JMeterThread: Thread finished: User Stress Test Group 1-193
2025-03-15 00:57:32,047 INFO o.a.j.t.JMeterThread: Thread is done: User Stress Test Group 1-148
2025-03-15 00:57:32,047 INFO o.a.j.t.JMeterThread: Thread finished: User Stress Test Group 1-148
2025-03-15 00:57:32,066 INFO o.a.j.t.JMeterThread: Thread is done: User Stress Test Group 1-68
2025-03-15 00:57:32,066 INFO o.a.j.t.JMeterThread: Thread finished: User Stress Test Group 1-68
2025-03-15 00:57:32,096 INFO o.a.j.t.JMeterThread: Thread is done: User Stress Test Group 1-81
2025-03-15 00:57:32,096 INFO o.a.j.t.JMeterThread: Thread finished: User Stress Test Group 1-81
2025-03-15 00:57:32,116 INFO o.a.j.t.JMeterThread: Thread is done: User Stress Test Group 1-187
2025-03-15 00:57:32,116 INFO o.a.j.t.JMeterThread: Thread finished: User Stress Test Group 1-187
2025-03-15 00:57:32,128 INFO o.a.j.t.JMeterThread: Thread is done: User Stress Test Group 1-109
2025-03-15 00:57:32,129 INFO o.a.j.t.JMeterThread: Thread finished: User Stress Test Group 1-109
2025-03-15 00:57:32,138 INFO o.a.j.t.JMeterThread: Thread is done: User Stress Test Group 1-135
2025-03-15 00:57:32,138 INFO o.a.j.t.JMeterThread: Thread finished: User Stress Test Group 1-135
2025-03-15 00:57:32,148 INFO o.a.j.t.JMeterThread: Thread is done: User Stress Test Group 1-171
2025-03-15 00:57:32,148 INFO o.a.j.t.JMeterThread: Thread finished: User Stress Test Group 1-171
2025-03-15 00:57:32,189 INFO o.a.j.t.JMeterThread: Thread is done: User Stress Test Group 1-195
2025-03-15 00:57:32,189 INFO o.a.j.t.JMeterThread: Thread finished: User Stress Test Group 1-195
2025-03-15 00:57:32,216 INFO o.a.j.t.JMeterThread: Thread is done: User Stress Test Group 1-49
2025-03-15 00:57:32,216 INFO o.a.j.t.JMeterThread: Thread finished: User Stress Test Group 1-49
2025-03-15 00:57:32,220 INFO o.a.j.t.JMeterThread: Thread is done: User Stress Test Group 1-91
2025-03-15 00:57:32,221 INFO o.a.j.t.JMeterThread: Thread is done: User Stress Test Group 1-54
2025-03-15 00:57:32,221 INFO o.a.j.t.JMeterThread: Thread finished: User Stress Test Group 1-54
2025-03-15 00:57:32,225 INFO o.a.j.t.JMeterThread: Thread finished: User Stress Test Group 1-91
2025-03-15 00:57:32,238 INFO o.a.j.t.JMeterThread: Thread is done: User Stress Test Group 1-154
2025-03-15 00:57:32,238 INFO o.a.j.t.JMeterThread: Thread finished: User Stress Test Group 1-154
2025-03-15 00:57:32,251 INFO o.a.j.t.JMeterThread: Thread is done: User Stress Test Group 1-117
2025-03-15 00:57:32,251 INFO o.a.j.t.JMeterThread: Thread finished: User Stress Test Group 1-117
2025-03-15 00:57:32,267 INFO o.a.j.t.JMeterThread: Thread is done: User Stress Test Group 1-128
2025-03-15 00:57:32,267 INFO o.a.j.t.JMeterThread: Thread finished: User Stress Test Group 1-128
2025-03-15 00:57:32,307 INFO o.a.j.t.JMeterThread: Thread is done: User Stress Test Group 1-58
2025-03-15 00:57:32,307 INFO o.a.j.t.JMeterThread: Thread finished: User Stress Test Group 1-58
2025-03-15 00:57:32,318 INFO o.a.j.t.JMeterThread: Thread is done: User Stress Test Group 1-73
2025-03-15 00:57:32,318 INFO o.a.j.t.JMeterThread: Thread finished: User Stress Test Group 1-73
2025-03-15 00:57:32,360 INFO o.a.j.t.JMeterThread: Thread is done: User Stress Test Group 1-169
2025-03-15 00:57:32,360 INFO o.a.j.t.JMeterThread: Thread finished: User Stress Test Group 1-169
2025-03-15 00:57:32,363 INFO o.a.j.t.JMeterThread: Thread is done: User Stress Test Group 1-122
2025-03-15 00:57:32,363 INFO o.a.j.t.JMeterThread: Thread finished: User Stress Test Group 1-122
2025-03-15 00:57:32,374 INFO o.a.j.t.JMeterThread: Thread is done: User Stress Test Group 1-140
2025-03-15 00:57:32,374 INFO o.a.j.t.JMeterThread: Thread finished: User Stress Test Group 1-140
2025-03-15 00:57:32,387 INFO o.a.j.t.JMeterThread: Thread is done: User Stress Test Group 1-57
2025-03-15 00:57:32,387 INFO o.a.j.t.JMeterThread: Thread finished: User Stress Test Group 1-57
2025-03-15 00:57:32,389 INFO o.a.j.t.JMeterThread: Thread is done: User Stress Test Group 1-94
2025-03-15 00:57:32,389 INFO o.a.j.t.JMeterThread: Thread finished: User Stress Test Group 1-94
2025-03-15 00:57:32,407 INFO o.a.j.t.JMeterThread: Thread is done: User Stress Test Group 1-182
2025-03-15 00:57:32,407 INFO o.a.j.t.JMeterThread: Thread finished: User Stress Test Group 1-182
2025-03-15 00:57:32,418 INFO o.a.j.t.JMeterThread: Thread is done: User Stress Test Group 1-162
2025-03-15 00:57:32,418 INFO o.a.j.t.JMeterThread: Thread finished: User Stress Test Group 1-162
2025-03-15 00:57:32,431 INFO o.a.j.t.JMeterThread: Thread is done: User Stress Test Group 1-70
2025-03-15 00:57:32,431 INFO o.a.j.t.JMeterThread: Thread finished: User Stress Test Group 1-70
2025-03-15 00:57:32,464 INFO o.a.j.t.JMeterThread: Thread is done: User Stress Test Group 1-88
2025-03-15 00:57:32,464 INFO o.a.j.t.JMeterThread: Thread finished: User Stress Test Group 1-88
2025-03-15 00:57:32,473 INFO o.a.j.t.JMeterThread: Thread is done: User Stress Test Group 1-185
2025-03-15 00:57:32,473 INFO o.a.j.t.JMeterThread: Thread finished: User Stress Test Group 1-185
2025-03-15 00:57:32,482 INFO o.a.j.t.JMeterThread: Thread is done: User Stress Test Group 1-44
2025-03-15 00:57:32,482 INFO o.a.j.t.JMeterThread: Thread finished: User Stress Test Group 1-44
2025-03-15 00:57:32,485 INFO o.a.j.t.JMeterThread: Thread is done: User Stress Test Group 1-199
2025-03-15 00:57:32,489 INFO o.a.j.t.JMeterThread: Thread finished: User Stress Test Group 1-199
2025-03-15 00:57:32,571 INFO o.a.j.t.JMeterThread: Thread is done: User Stress Test Group 1-36
2025-03-15 00:57:32,571 INFO o.a.j.t.JMeterThread: Thread finished: User Stress Test Group 1-36
2025-03-15 00:57:32,632 INFO o.a.j.t.JMeterThread: Thread is done: User Stress Test Group 1-123
2025-03-15 00:57:32,632 INFO o.a.j.t.JMeterThread: Thread finished: User Stress Test Group 1-123
2025-03-15 00:57:32,632 INFO o.a.j.t.JMeterThread: Thread is done: User Stress Test Group 1-192
2025-03-15 00:57:32,632 INFO o.a.j.t.JMeterThread: Thread finished: User Stress Test Group 1-192
2025-03-15 00:57:32,643 INFO o.a.j.t.JMeterThread: Thread is done: User Stress Test Group 1-180
2025-03-15 00:57:32,643 INFO o.a.j.t.JMeterThread: Thread finished: User Stress Test Group 1-180
2025-03-15 00:57:32,646 INFO o.a.j.t.JMeterThread: Thread is done: User Stress Test Group 1-166
2025-03-15 00:57:32,646 INFO o.a.j.t.JMeterThread: Thread finished: User Stress Test Group 1-166
2025-03-15 00:57:32,662 INFO o.a.j.t.JMeterThread: Thread is done: User Stress Test Group 1-99
2025-03-15 00:57:32,662 INFO o.a.j.t.JMeterThread: Thread finished: User Stress Test Group 1-99
2025-03-15 00:57:32,674 INFO o.a.j.t.JMeterThread: Thread is done: User Stress Test Group 1-101
2025-03-15 00:57:32,674 INFO o.a.j.t.JMeterThread: Thread finished: User Stress Test Group 1-101
2025-03-15 00:57:32,670 INFO o.a.j.t.JMeterThread: Thread is done: User Stress Test Group 1-150
2025-03-15 00:57:32,684 INFO o.a.j.t.JMeterThread: Thread finished: User Stress Test Group 1-150
2025-03-15 00:57:32,711 INFO o.a.j.t.JMeterThread: Thread is done: User Stress Test Group 1-165
2025-03-15 00:57:32,711 INFO o.a.j.t.JMeterThread: Thread finished: User Stress Test Group 1-165
2025-03-15 00:57:32,758 INFO o.a.j.t.JMeterThread: Thread is done: User Stress Test Group 1-127
2025-03-15 00:57:32,759 INFO o.a.j.t.JMeterThread: Thread finished: User Stress Test Group 1-127
2025-03-15 00:57:32,772 INFO o.a.j.t.JMeterThread: Thread is done: User Stress Test Group 1-164
2025-03-15 00:57:32,772 INFO o.a.j.t.JMeterThread: Thread finished: User Stress Test Group 1-164
2025-03-15 00:57:32,784 INFO o.a.j.t.JMeterThread: Thread is done: User Stress Test Group 1-107
2025-03-15 00:57:32,784 INFO o.a.j.t.JMeterThread: Thread finished: User Stress Test Group 1-107
2025-03-15 00:57:32,785 INFO o.a.j.t.JMeterThread: Thread is done: User Stress Test Group 1-168
2025-03-15 00:57:32,790 INFO o.a.j.t.JMeterThread: Thread finished: User Stress Test Group 1-168
2025-03-15 00:57:32,786 INFO o.a.j.t.JMeterThread: Thread is done: User Stress Test Group 1-100
2025-03-15 00:57:32,793 INFO o.a.j.t.JMeterThread: Thread finished: User Stress Test Group 1-100
2025-03-15 00:57:32,794 INFO o.a.j.t.JMeterThread: Thread is done: User Stress Test Group 1-153
2025-03-15 00:57:32,794 INFO o.a.j.t.JMeterThread: Thread finished: User Stress Test Group 1-153
2025-03-15 00:57:32,801 INFO o.a.j.t.JMeterThread: Thread is done: User Stress Test Group 1-113
2025-03-15 00:57:32,801 INFO o.a.j.t.JMeterThread: Thread finished: User Stress Test Group 1-113
2025-03-15 00:57:32,850 INFO o.a.j.t.JMeterThread: Thread is done: User Stress Test Group 1-198
2025-03-15 00:57:32,850 INFO o.a.j.t.JMeterThread: Thread finished: User Stress Test Group 1-198
2025-03-15 00:57:32,855 INFO o.a.j.t.JMeterThread: Thread is done: User Stress Test Group 1-144
2025-03-15 00:57:32,855 INFO o.a.j.t.JMeterThread: Thread finished: User Stress Test Group 1-144
2025-03-15 00:57:32,864 INFO o.a.j.t.JMeterThread: Thread is done: User Stress Test Group 1-178
2025-03-15 00:57:32,865 INFO o.a.j.t.JMeterThread: Thread finished: User Stress Test Group 1-178
2025-03-15 00:57:32,884 INFO o.a.j.t.JMeterThread: Thread is done: User Stress Test Group 1-170
2025-03-15 00:57:32,884 INFO o.a.j.t.JMeterThread: Thread finished: User Stress Test Group 1-170
2025-03-15 00:57:32,925 INFO o.a.j.t.JMeterThread: Thread is done: User Stress Test Group 1-191
2025-03-15 00:57:32,925 INFO o.a.j.t.JMeterThread: Thread finished: User Stress Test Group 1-191
2025-03-15 00:57:32,927 INFO o.a.j.t.JMeterThread: Thread is done: User Stress Test Group 1-196
2025-03-15 00:57:32,927 INFO o.a.j.t.JMeterThread: Thread finished: User Stress Test Group 1-196
2025-03-15 00:57:32,935 INFO o.a.j.t.JMeterThread: Thread is done: User Stress Test Group 1-116
2025-03-15 00:57:32,935 INFO o.a.j.t.JMeterThread: Thread finished: User Stress Test Group 1-116
2025-03-15 00:57:32,936 INFO o.a.j.t.JMeterThread: Thread is done: User Stress Test Group 1-167
2025-03-15 00:57:32,936 INFO o.a.j.t.JMeterThread: Thread finished: User Stress Test Group 1-167
2025-03-15 00:57:32,947 INFO o.a.j.t.JMeterThread: Thread is done: User Stress Test Group 1-200
2025-03-15 00:57:32,947 INFO o.a.j.t.JMeterThread: Thread finished: User Stress Test Group 1-200
2025-03-15 00:57:32,950 INFO o.a.j.t.JMeterThread: Thread is done: User Stress Test Group 1-159
2025-03-15 00:57:32,950 INFO o.a.j.t.JMeterThread: Thread finished: User Stress Test Group 1-159
2025-03-15 00:57:32,965 INFO o.a.j.t.JMeterThread: Thread is done: User Stress Test Group 1-136
2025-03-15 00:57:32,965 INFO o.a.j.t.JMeterThread: Thread finished: User Stress Test Group 1-136
2025-03-15 00:57:32,966 INFO o.a.j.t.JMeterThread: Thread is done: User Stress Test Group 1-119
2025-03-15 00:57:32,966 INFO o.a.j.t.JMeterThread: Thread finished: User Stress Test Group 1-119
2025-03-15 00:57:33,002 INFO o.a.j.t.JMeterThread: Thread is done: User Stress Test Group 1-142
2025-03-15 00:57:33,002 INFO o.a.j.t.JMeterThread: Thread finished: User Stress Test Group 1-142
2025-03-15 00:57:33,023 INFO o.a.j.t.JMeterThread: Thread is done: User Stress Test Group 1-69
2025-03-15 00:57:33,024 INFO o.a.j.t.JMeterThread: Thread finished: User Stress Test Group 1-69
2025-03-15 00:57:33,030 INFO o.a.j.t.JMeterThread: Thread is done: User Stress Test Group 1-131
2025-03-15 00:57:33,030 INFO o.a.j.t.JMeterThread: Thread finished: User Stress Test Group 1-131
2025-03-15 00:57:33,050 INFO o.a.j.t.JMeterThread: Thread is done: User Stress Test Group 1-134
2025-03-15 00:57:33,050 INFO o.a.j.t.JMeterThread: Thread finished: User Stress Test Group 1-134
2025-03-15 00:57:33,068 INFO o.a.j.t.JMeterThread: Thread is done: User Stress Test Group 1-106
2025-03-15 00:57:33,068 INFO o.a.j.t.JMeterThread: Thread finished: User Stress Test Group 1-106
2025-03-15 00:57:33,084 INFO o.a.j.t.JMeterThread: Thread is done: User Stress Test Group 1-96
2025-03-15 00:57:33,086 INFO o.a.j.t.JMeterThread: Thread finished: User Stress Test Group 1-96
2025-03-15 00:57:33,129 INFO o.a.j.t.JMeterThread: Thread is done: User Stress Test Group 1-163
2025-03-15 00:57:33,129 INFO o.a.j.t.JMeterThread: Thread finished: User Stress Test Group 1-163
2025-03-15 00:57:33,130 INFO o.a.j.t.JMeterThread: Thread is done: User Stress Test Group 1-183
2025-03-15 00:57:33,130 INFO o.a.j.t.JMeterThread: Thread finished: User Stress Test Group 1-183
2025-03-15 00:57:33,157 INFO o.a.j.t.JMeterThread: Thread is done: User Stress Test Group 1-157
2025-03-15 00:57:33,157 INFO o.a.j.t.JMeterThread: Thread finished: User Stress Test Group 1-157
2025-03-15 00:57:33,173 INFO o.a.j.t.JMeterThread: Thread is done: User Stress Test Group 1-130
2025-03-15 00:57:33,173 INFO o.a.j.t.JMeterThread: Thread finished: User Stress Test Group 1-130
2025-03-15 00:57:33,182 INFO o.a.j.t.JMeterThread: Thread is done: User Stress Test Group 1-139
2025-03-15 00:57:33,182 INFO o.a.j.t.JMeterThread: Thread finished: User Stress Test Group 1-139
2025-03-15 00:57:33,182 INFO o.a.j.e.StandardJMeterEngine: Notifying test listeners of end of test
2025-03-15 00:57:33,182 INFO o.a.j.r.Summariser: summary +   8956 in 00:00:03 = 2814.6/s Avg:    18 Min:     0 Max:   548 Err:     0 (0.00%) Active: 0 Started: 200 Finished: 200
2025-03-15 00:57:33,184 INFO o.a.j.r.Summariser: summary = 100000 in 00:00:41 = 2411.1/s Avg:    29 Min:     0 Max:  2368 Err:     0 (0.00%)
